[01m[K/home/MKGL/quadro_ws/src/serial/src/testlib_node.cpp:[m[K In constructor â€˜[01m[KTestLibNode::[01;32m[KTestLibNode[m[K()[m[Kâ€™:
[01m[K/home/MKGL/quadro_ws/src/serial/src/testlib_node.cpp:38:9:[m[K [01;31m[Kerror: [m[Kâ€˜[01m[KSerial[m[Kâ€™ was not declared in this scope; did you mean â€˜[01m[Kserial[m[Kâ€™?
   38 |         [01;31m[KSerial[m[K serial_(device.c_str(), baudrate, databits, stopbits, parity, min_buf_read, max_timeout_read_ds);
      |         [01;31m[K^~~~~~[m[K
      |         [32m[Kserial[m[K
[01m[K/home/MKGL/quadro_ws/src/serial/src/testlib_node.cpp:39:14:[m[K [01;31m[Kerror: [m[Kâ€˜[01m[Kserial_[m[Kâ€™ was not declared in this scope; did you mean â€˜[01m[Kserial[m[Kâ€™?
   39 |         if (![01;31m[Kserial_[m[K.init())
      |              [01;31m[K^~~~~~~[m[K
      |              [32m[Kserial[m[K
[01m[K/home/MKGL/quadro_ws/src/serial/src/testlib_node.cpp:50:18:[m[K [01;31m[Kerror: [m[Kâ€˜[01m[Kserial_[m[Kâ€™ was not declared in this scope; did you mean â€˜[01m[Kserial[m[Kâ€™?
   50 |             if (![01;31m[Kserial_[m[K.write(reinterpret_cast<const uint8_t *>(str_data.c_str()), str_data.size()))
      |                  [01;31m[K^~~~~~~[m[K
      |                  [32m[Kserial[m[K
[01m[K/home/MKGL/quadro_ws/src/serial/src/testlib_node.cpp:58:18:[m[K [01;31m[Kerror: [m[Kâ€˜[01m[Kserial_[m[Kâ€™ was not declared in this scope; did you mean â€˜[01m[Kserial[m[Kâ€™?
   58 |             if (![01;31m[Kserial_[m[K.read(data, str_data.size()))
      |                  [01;31m[K^~~~~~~[m[K
      |                  [32m[Kserial[m[K
gmake[2]: *** [CMakeFiles/testlib_node.dir/build.make:76: CMakeFiles/testlib_node.dir/src/testlib_node.cpp.o] Error 1
gmake[1]: *** [CMakeFiles/Makefile2:165: CMakeFiles/testlib_node.dir/all] Error 2
gmake: *** [Makefile:146: all] Error 2
